/*C5*/SET SCHEMA PUBLIC
alter table Book drop constraint FK_4ub1betavm2laewtsv3gyl0h5
alter table Email drop constraint FK_67x13mxfbeaq4clfax1t2unlw
alter table Message drop constraint FK_85d5r48rusny9i6symjucjvj9
alter table Message2 drop constraint FK_p8atm9wuvig1g6ty70sh88l7
drop table Book if exists
drop table Email if exists
drop table Email2 if exists
drop table GeneratedAutoIdentity if exists
drop table GeneratedIdentityIdentity if exists
drop table GeneratedSequenceIdentity if exists
drop table GeneratedTableIdentity if exists
drop table Library if exists
drop table Message if exists
drop table Message2 if exists
drop table NongeneratedIdentity if exists
drop table SimpleObject if exists
drop sequence hibernate_sequence
drop table hibernate_sequences if exists
create table Book (id bigint generated by default as identity (start with 1), title varchar(255), library_id bigint, primary key (id))
create table Email (id bigint generated by default as identity (start with 1), subject varchar(255), message_id bigint, primary key (id))
create table Email2 (id bigint generated by default as identity (start with 1), subject varchar(255), primary key (id))
create table GeneratedAutoIdentity (id bigint generated by default as identity (start with 1), value varchar(255), primary key (id))
create table GeneratedIdentityIdentity (id bigint generated by default as identity (start with 1), value varchar(255), primary key (id))
create table GeneratedSequenceIdentity (id bigint not null, value varchar(255), primary key (id))
create table GeneratedTableIdentity (id bigint not null, value varchar(255), primary key (id))
create table Library (id bigint generated by default as identity (start with 1), name varchar(255), primary key (id))
create table Message (id bigint generated by default as identity (start with 1), content varchar(255), email_id bigint, primary key (id))
create table Message2 (id bigint generated by default as identity (start with 1), content varchar(255), email_id bigint, primary key (id))
create table NongeneratedIdentity (id bigint not null, value varchar(255), primary key (id))
create table SimpleObject (id bigint generated by default as identity (start with 1), key varchar(255), value bigint, primary key (id))
alter table Book add constraint FK_4ub1betavm2laewtsv3gyl0h5 foreign key (library_id) references Library
alter table Email add constraint FK_67x13mxfbeaq4clfax1t2unlw foreign key (message_id) references Message
alter table Message add constraint FK_85d5r48rusny9i6symjucjvj9 foreign key (email_id) references Email
alter table Message2 add constraint FK_p8atm9wuvig1g6ty70sh88l7 foreign key (email_id) references Email2
create sequence hibernate_sequence start with 1
create table hibernate_sequences ( sequence_name varchar(255),  sequence_next_hi_value integer )
INSERT INTO LIBRARY VALUES(1,'orphanLib')
INSERT INTO BOOK VALUES(1,'book 1',1)
INSERT INTO BOOK VALUES(2,'book 2',1)
INSERT INTO BOOK VALUES(3,'book 3',1)
COMMIT
DELETE FROM BOOK WHERE ID=1
COMMIT
